Startet af brugeren [8mha:AAAAih+LCAAAAAAAAABb85aBtbiIQSajNKU4P08vOT+vOD8nVc+jsiC1KCczL9svvyT1dMUiOWdZ/mImBiZPBrac1Lz0kgwfBubSopwSBiGfrMSyRP2cxLx0/eCSosy8dOuKIgYpNOOcITTIMAYIYGRiYKgoADI4Sxi49EuLU4v080pzcgCbGluCjwAAAA==[0manonymous
Building in workspace C:\Projects\PRQA-plugin\work\jobs\PRQA_Test\workspace
Threshold
Threshold
Threshold
File path: C:\Projects\PRQA-plugin\Compliance_Report.xhtml
<td align="left">Total Number of Messages</td>
<td align="right">(\d*)</td>
ERROR: Publisher net.praqma.jenkins.plugin.prqa.notifier.PRQANotifier aborted due to exception
[8mha:AAAAWB+LCAAAAAAAAABb85aBtbiIQSmjNKU4P08vOT+vOD8nVc8DzHWtSE4tKMnMz/PLL0ldFVf2c+b/lb5MDAwVRQxSaBqcITRIIQMEMIIUFgAAckCEiWAAAAA=[0mjava.lang.IllegalStateException: No match found
	at java.util.regex.Matcher.group(Matcher.java:468)
	at net.praqma.jenkins.plugin.prqa.parser.HtmlParser.parse(HtmlParser.java:40)
	at net.praqma.jenkins.plugin.prqa.notifier.PRQANotifier.perform(PRQANotifier.java:130)
	at hudson.tasks.BuildStepMonitor$1.perform(BuildStepMonitor.java:19)
	at hudson.model.AbstractBuild$AbstractRunner.perform(AbstractBuild.java:700)
	at hudson.model.AbstractBuild$AbstractRunner.performAllBuildSteps(AbstractBuild.java:675)
	at hudson.model.AbstractBuild$AbstractRunner.performAllBuildSteps(AbstractBuild.java:653)
	at hudson.model.Build$RunnerImpl.post2(Build.java:162)
	at hudson.model.AbstractBuild$AbstractRunner.post(AbstractBuild.java:622)
	at hudson.model.Run.run(Run.java:1434)
	at hudson.model.FreeStyleBuild.run(FreeStyleBuild.java:46)
	at hudson.model.ResourceController.execute(ResourceController.java:88)
	at hudson.model.Executor.run(Executor.java:238)
Finished: FAILURE
